This file contains any messages produced by compilers while
running configure, to aid debugging if configure makes a mistake.

It was created by Mesa configure 7.3.0, which was
generated by GNU Autoconf 2.61.  Invocation command line was

  $ ./configure --disable-asm --with-driver=osmesa --disable-shared

## --------- ##
## Platform. ##
## --------- ##

hostname = moo
uname -m = i386
uname -r = 6.2-RELEASE
uname -s = FreeBSD
uname -v = FreeBSD 6.2-RELEASE #0: Fri Jan 12 10:40:27 UTC 2007     root@dessler.cse.buffalo.edu:/usr/obj/usr/src/sys/GENERIC 

/usr/bin/uname -p = unknown
/bin/uname -X     = unknown

/bin/arch              = i686
/usr/bin/arch -k       = unknown
/usr/convex/getsysinfo = unknown
/usr/bin/hostinfo      = unknown
/bin/machine           = unknown
/usr/bin/oslevel       = unknown
/bin/universe          = unknown

PATH: /cygdrive/c/wet/swf/_alchemy/achacks
PATH: /cygdrive/c/wet/swf/_flex/bin
PATH: /cygdrive/c/wet/swf/_alchemy/bin
PATH: /usr/local/bin
PATH: /usr/bin
PATH: /bin
PATH: /usr/X11R6/bin
PATH: /cygdrive/c/WINDOWS/system32
PATH: /cygdrive/c/WINDOWS
PATH: /cygdrive/c/WINDOWS/System32/Wbem
PATH: /cygdrive/c/Program Files/TortoiseSVN/bin
PATH: /cygdrive/c/Program Files/Microsoft Visual Studio/Common/Tools/WinNT
PATH: /cygdrive/c/Program Files/Microsoft Visual Studio/Common/MSDev98/Bin
PATH: /cygdrive/c/Program Files/Microsoft Visual Studio/Common/Tools
PATH: /cygdrive/c/Program Files/Microsoft Visual Studio/VC98/bin
PATH: /cygdrive/c/Program Files/CMake 2.6/bin


## ----------- ##
## Core tests. ##
## ----------- ##

configure:1927: checking build system type
configure:1945: result: i386-unknown-freebsd6.2
configure:1967: checking host system type
configure:1982: result: i386-unknown-freebsd6.2
configure:2056: checking for gcc
configure:2072: found /cygdrive/c/wet/swf/_alchemy/achacks/gcc
configure:2083: result: gcc
configure:2321: checking for C compiler version
configure:2328: gcc --version >&5
llvm-gcc (GCC) 4.0.1 (Apple Computer, Inc. build 5449)
Copyright (C) 2005 Free Software Foundation, Inc.
This is free software; see the source for copying conditions.  There is NO
warranty; not even for MERCHANTABILITY or FITNESS FOR A PARTICULAR PURPOSE.

configure:2331: $? = 0
configure:2338: gcc -v >&5
Using built-in specs.
Target: i686-pc-cygwin
Configured with: /home/anon/llvm-gcc4.0-2.1.source/configure  : (reconfigured) /home/anon/llvm-gcc4.0-2.1.source/configure  : (reconfigured) /home/anon/llvm-gcc4.0-2.1.source/configure --disable-libgcj --disable-libjava : (reconfigured) ../../src/llvm-gcc4/configure --prefix=/home/anon/llvm-gcc4 --disable-threads --disable-nls --disable-shared --enable-languages=c,c++ --disable-c-mbchar --program-prefix=llvm- --enable-llvm=/home/anon/src/llvm : (reconfigured) /home/anon/src/llvm-gcc4/configure --prefix=/home/anon/llvm-gcc4 --disable-threads --disable-nls --disable-shared --enable-languages=c,c++ --disable-c-mbchar --program-prefix=llvm- --enable-llvm=/home/anon/src/llvm
Thread model: single
gcc version 4.0.1 (Apple Computer, Inc. build 5449)
configure:2341: $? = 0
configure:2348: gcc -V >&5
configure:2351: $? = 0
configure:2374: checking for C compiler default output file name
configure:2401: gcc    conftest.c  >&5
WARNING: While resolving call to function 'main' arguments were dropped!

2792.achacks.swf, 258045 bytes written
configure:2404: $? = 0
configure:2442: result: a.exe
configure:2459: checking whether the C compiler works
configure:2469: ./a.exe
configure:2472: $? = 0
configure:2489: result: yes
configure:2496: checking whether we are cross compiling
configure:2498: result: no
configure:2501: checking for suffix of executables
configure:2508: gcc -o conftest.exe    conftest.c  >&5
WARNING: While resolving call to function 'main' arguments were dropped!

3904.achacks.swf, 259152 bytes written
configure:2511: $? = 0
configure:2535: result: .exe
configure:2541: checking for suffix of object files
configure:2567: gcc -c   conftest.c >&5
configure:2570: $? = 0
configure:2593: result: o
configure:2597: checking whether we are using the GNU C compiler
configure:2626: gcc -c   conftest.c >&5
configure:2632: $? = 0
configure:2649: result: yes
configure:2654: checking whether gcc accepts -g
configure:2684: gcc -c -g  conftest.c >&5
configure:2690: $? = 0
configure:2789: result: yes
configure:2806: checking for gcc option to accept ISO C89
configure:2880: gcc  -c -g -O2  conftest.c >&5
configure:2886: $? = 0
configure:2909: result: none needed
configure:2932: checking how to run the C preprocessor
configure:2972: gcc -E  conftest.c
configure:2978: $? = 0
configure:3009: gcc -E  conftest.c
conftest.c:8:28: error: ac_nonexistent.h: No such file or directory
configure:3015: $? = 0
configure:2972: gcc -E  conftest.c
configure:2978: $? = 0
configure:3009: gcc -E  conftest.c
conftest.c:8:28: error: ac_nonexistent.h: No such file or directory
configure:3015: $? = 0
configure: failed program was:
| /* confdefs.h.  */
| #define PACKAGE_NAME "Mesa"
| #define PACKAGE_TARNAME "mesa"
| #define PACKAGE_VERSION "7.3.0"
| #define PACKAGE_STRING "Mesa 7.3.0"
| #define PACKAGE_BUGREPORT "https://bugs.freedesktop.org/enter_bug.cgi?product=Mesa"
| /* end confdefs.h.  */
| #include <ac_nonexistent.h>
configure:3048: result: gcc -E
configure:3077: gcc -E  conftest.c
configure:3083: $? = 0
configure:3114: gcc -E  conftest.c
conftest.c:8:28: error: ac_nonexistent.h: No such file or directory
configure:3120: $? = 0
configure:3077: gcc -E  conftest.c
configure:3083: $? = 0
configure:3114: gcc -E  conftest.c
conftest.c:8:28: error: ac_nonexistent.h: No such file or directory
configure:3120: $? = 0
configure: failed program was:
| /* confdefs.h.  */
| #define PACKAGE_NAME "Mesa"
| #define PACKAGE_TARNAME "mesa"
| #define PACKAGE_VERSION "7.3.0"
| #define PACKAGE_STRING "Mesa 7.3.0"
| #define PACKAGE_BUGREPORT "https://bugs.freedesktop.org/enter_bug.cgi?product=Mesa"
| /* end confdefs.h.  */
| #include <ac_nonexistent.h>
configure:3205: checking for gcc
configure:3232: result: gcc
configure:3470: checking for C compiler version
configure:3477: gcc --version >&5
llvm-gcc (GCC) 4.0.1 (Apple Computer, Inc. build 5449)
Copyright (C) 2005 Free Software Foundation, Inc.
This is free software; see the source for copying conditions.  There is NO
warranty; not even for MERCHANTABILITY or FITNESS FOR A PARTICULAR PURPOSE.

configure:3480: $? = 0
configure:3487: gcc -v >&5
Using built-in specs.
Target: i686-pc-cygwin
Configured with: /home/anon/llvm-gcc4.0-2.1.source/configure  : (reconfigured) /home/anon/llvm-gcc4.0-2.1.source/configure  : (reconfigured) /home/anon/llvm-gcc4.0-2.1.source/configure --disable-libgcj --disable-libjava : (reconfigured) ../../src/llvm-gcc4/configure --prefix=/home/anon/llvm-gcc4 --disable-threads --disable-nls --disable-shared --enable-languages=c,c++ --disable-c-mbchar --program-prefix=llvm- --enable-llvm=/home/anon/src/llvm : (reconfigured) /home/anon/src/llvm-gcc4/configure --prefix=/home/anon/llvm-gcc4 --disable-threads --disable-nls --disable-shared --enable-languages=c,c++ --disable-c-mbchar --program-prefix=llvm- --enable-llvm=/home/anon/src/llvm
Thread model: single
gcc version 4.0.1 (Apple Computer, Inc. build 5449)
configure:3490: $? = 0
configure:3497: gcc -V >&5
configure:3500: $? = 0
configure:3503: checking whether we are using the GNU C compiler
configure:3555: result: yes
configure:3560: checking whether gcc accepts -g
configure:3695: result: yes
configure:3712: checking for gcc option to accept ISO C89
configure:3815: result: none needed
configure:3891: checking for g++
configure:3907: found /cygdrive/c/wet/swf/_alchemy/achacks/g++
configure:3918: result: g++
configure:3949: checking for C++ compiler version
configure:3956: g++ --version >&5
llvm-g++ (GCC) 4.0.1 (Apple Computer, Inc. build 5449)
Copyright (C) 2005 Free Software Foundation, Inc.
This is free software; see the source for copying conditions.  There is NO
warranty; not even for MERCHANTABILITY or FITNESS FOR A PARTICULAR PURPOSE.

configure:3959: $? = 0
configure:3966: g++ -v >&5
Using built-in specs.
Target: i686-pc-cygwin
Configured with: /home/anon/llvm-gcc4.0-2.1.source/configure  : (reconfigured) /home/anon/llvm-gcc4.0-2.1.source/configure  : (reconfigured) /home/anon/llvm-gcc4.0-2.1.source/configure --disable-libgcj --disable-libjava : (reconfigured) ../../src/llvm-gcc4/configure --prefix=/home/anon/llvm-gcc4 --disable-threads --disable-nls --disable-shared --enable-languages=c,c++ --disable-c-mbchar --program-prefix=llvm- --enable-llvm=/home/anon/src/llvm : (reconfigured) /home/anon/src/llvm-gcc4/configure --prefix=/home/anon/llvm-gcc4 --disable-threads --disable-nls --disable-shared --enable-languages=c,c++ --disable-c-mbchar --program-prefix=llvm- --enable-llvm=/home/anon/src/llvm
Thread model: single
gcc version 4.0.1 (Apple Computer, Inc. build 5449)
configure:3969: $? = 0
configure:3976: g++ -V >&5
configure:3979: $? = 0
configure:3982: checking whether we are using the GNU C++ compiler
configure:4011: g++ -c   conftest.cpp >&5
configure:4017: $? = 0
configure:4034: result: yes
configure:4039: checking whether g++ accepts -g
configure:4069: g++ -c -g  conftest.cpp >&5
configure:4075: $? = 0
configure:4174: result: yes
configure:4201: checking for gmake
configure:4231: result: no
configure:4201: checking for make
configure:4217: found /usr/bin/make
configure:4228: result: make
configure:4241: checking for makedepend
configure:4274: result: no
configure:4281: checking for sed
configure:4299: found /usr/bin/sed
configure:4311: result: /usr/bin/sed
configure:4435: checking for pkg-config
configure:4468: result: no
configure:4622: WARNING: Can't disable both static and shared libraries, enabling static
configure:4683: checking whether to enable assembly
configure:4685: result: no
configure:4862: checking for dlopen
configure:4918: gcc -o conftest.exe -g -O2 -Wall -Wmissing-prototypes -std=c99 -ffast-math -fno-strict-aliasing   conftest.c  >&5
In file included from <command line>:1:
c:/wet/swf/_alchemy/avm2-libc/avm2/AVM2Env.h:1128:8: warning: undefining "__STDC_VERSION__"
WARNING: While resolving call to function 'main' arguments were dropped!

5880.achacks.swf, 267269 bytes written
configure:4924: $? = 0
configure:4941: result: yes
configure:5014: checking for posix_memalign
configure:5070: gcc -o conftest.exe -g -O2 -Wall -Wmissing-prototypes -std=c99 -ffast-math -fno-strict-aliasing   conftest.c  >&5
In file included from <command line>:1:
c:/wet/swf/_alchemy/avm2-libc/avm2/AVM2Env.h:1128:8: warning: undefining "__STDC_VERSION__"
WARNING: While resolving call to function 'main' arguments were dropped!

4392.achacks.swf, 267043 bytes written
configure:5076: $? = 0
configure:5093: result: yes
configure:5849: checking for X
configure:5964: gcc -E  conftest.c
conftest.c:8:22: error: X11/Xlib.h: No such file or directory
configure:5970: $? = 0
configure: failed program was:
| /* confdefs.h.  */
| #define PACKAGE_NAME "Mesa"
| #define PACKAGE_TARNAME "mesa"
| #define PACKAGE_VERSION "7.3.0"
| #define PACKAGE_STRING "Mesa 7.3.0"
| #define PACKAGE_BUGREPORT "https://bugs.freedesktop.org/enter_bug.cgi?product=Mesa"
| /* end confdefs.h.  */
| #include <X11/Xlib.h>
configure:6019: gcc -o conftest.exe -g -O2 -Wall -Wmissing-prototypes -std=c99 -ffast-math -fno-strict-aliasing   conftest.c -lX11  >&5
In file included from <command line>:1:
c:/wet/swf/_alchemy/avm2-libc/avm2/AVM2Env.h:1128:8: warning: undefining "__STDC_VERSION__"
conftest.c:8:22: error: X11/Xlib.h: No such file or directory
conftest.c: In function 'main':
conftest.c:12: warning: implicit declaration of function 'XrmInitialize'
configure:6025: $? = 0
configure: failed program was:
| /* confdefs.h.  */
| #define PACKAGE_NAME "Mesa"
| #define PACKAGE_TARNAME "mesa"
| #define PACKAGE_VERSION "7.3.0"
| #define PACKAGE_STRING "Mesa 7.3.0"
| #define PACKAGE_BUGREPORT "https://bugs.freedesktop.org/enter_bug.cgi?product=Mesa"
| /* end confdefs.h.  */
| #include <X11/Xlib.h>
| int
| main ()
| {
| XrmInitialize ()
|   ;
|   return 0;
| }
configure:6073: result: no
configure:8342: WARNING: Disabling GLw since the driver is OSMesa
configure:9087: creating ./config.status

## ---------------------- ##
## Running config.status. ##
## ---------------------- ##

This file was extended by Mesa config.status 7.3.0, which was
generated by GNU Autoconf 2.61.  Invocation command line was

  CONFIG_FILES    = 
  CONFIG_HEADERS  = 
  CONFIG_LINKS    = 
  CONFIG_COMMANDS = 
  $ ./config.status 

on moo

config.status:675: creating configs/autoconf
config.status:855: executing configs commands

## ---------------- ##
## Cache variables. ##
## ---------------- ##

ac_cv_build=i386-unknown-freebsd6.2
ac_cv_c_compiler_gnu=yes
ac_cv_cxx_compiler_gnu=yes
ac_cv_env_ARCH_FLAGS_set=
ac_cv_env_ARCH_FLAGS_value=
ac_cv_env_CCC_set=
ac_cv_env_CCC_value=
ac_cv_env_CC_set=
ac_cv_env_CC_value=
ac_cv_env_CFLAGS_set=
ac_cv_env_CFLAGS_value=
ac_cv_env_CPPFLAGS_set=
ac_cv_env_CPPFLAGS_value=
ac_cv_env_CPP_set=
ac_cv_env_CPP_value=
ac_cv_env_CXXFLAGS_set=
ac_cv_env_CXXFLAGS_value=
ac_cv_env_CXX_set=
ac_cv_env_CXX_value=
ac_cv_env_DRI2PROTO_CFLAGS_set=
ac_cv_env_DRI2PROTO_CFLAGS_value=
ac_cv_env_DRI2PROTO_LIBS_set=
ac_cv_env_DRI2PROTO_LIBS_value=
ac_cv_env_DRIGL_CFLAGS_set=
ac_cv_env_DRIGL_CFLAGS_value=
ac_cv_env_DRIGL_LIBS_set=
ac_cv_env_DRIGL_LIBS_value=
ac_cv_env_EXTRA_LIB_PATH_set=
ac_cv_env_EXTRA_LIB_PATH_value=
ac_cv_env_GLUT_CFLAGS_set=
ac_cv_env_GLUT_CFLAGS_value=
ac_cv_env_GLUT_LIBS_set=
ac_cv_env_GLUT_LIBS_value=
ac_cv_env_GLW_CFLAGS_set=
ac_cv_env_GLW_CFLAGS_value=
ac_cv_env_GLW_LIBS_set=
ac_cv_env_GLW_LIBS_value=
ac_cv_env_LDFLAGS_set=
ac_cv_env_LDFLAGS_value=
ac_cv_env_LIBDRM_CFLAGS_set=
ac_cv_env_LIBDRM_CFLAGS_value=
ac_cv_env_LIBDRM_LIBS_set=
ac_cv_env_LIBDRM_LIBS_value=
ac_cv_env_LIBS_set=
ac_cv_env_LIBS_value=
ac_cv_env_MKLIB_OPTIONS_set=
ac_cv_env_MKLIB_OPTIONS_value=
ac_cv_env_OPT_FLAGS_set=
ac_cv_env_OPT_FLAGS_value=
ac_cv_env_PIC_FLAGS_set=
ac_cv_env_PIC_FLAGS_value=
ac_cv_env_PKG_CONFIG_set=
ac_cv_env_PKG_CONFIG_value=
ac_cv_env_X11_INCLUDES_set=
ac_cv_env_X11_INCLUDES_value=
ac_cv_env_XCB_CFLAGS_set=
ac_cv_env_XCB_CFLAGS_value=
ac_cv_env_XCB_LIBS_set=
ac_cv_env_XCB_LIBS_value=
ac_cv_env_XLIBGL_CFLAGS_set=
ac_cv_env_XLIBGL_CFLAGS_value=
ac_cv_env_XLIBGL_LIBS_set=
ac_cv_env_XLIBGL_LIBS_value=
ac_cv_env_XMKMF_set=
ac_cv_env_XMKMF_value=
ac_cv_env_build_alias_set=
ac_cv_env_build_alias_value=
ac_cv_env_host_alias_set=
ac_cv_env_host_alias_value=
ac_cv_env_target_alias_set=
ac_cv_env_target_alias_value=
ac_cv_exeext=.exe
ac_cv_func_dlopen=yes
ac_cv_func_posix_memalign=yes
ac_cv_have_x=have_x=no
ac_cv_host=i386-unknown-freebsd6.2
ac_cv_objext=o
ac_cv_path_SED=/usr/bin/sed
ac_cv_prog_CPP='gcc -E'
ac_cv_prog_MAKE=make
ac_cv_prog_ac_ct_CC=gcc
ac_cv_prog_ac_ct_CXX=g++
ac_cv_prog_cc_c89=
ac_cv_prog_cc_g=yes
ac_cv_prog_cxx_g=yes

## ----------------- ##
## Output variables. ##
## ----------------- ##

APP_LIB_DEPS='-lm'
ARCH_FLAGS=''
ASM_API=''
ASM_FLAGS=''
ASM_SOURCES=''
CC='gcc'
CFLAGS='-g -O2 -Wall -Wmissing-prototypes -std=c99 -ffast-math -fno-strict-aliasing'
CPP='gcc -E'
CPPFLAGS=''
CXX='g++'
CXXFLAGS='-g -O2 -Wall -fno-strict-aliasing'
DEFINES=' -DHAVE_POSIX_MEMALIGN'
DEFS='-DPACKAGE_NAME=\"Mesa\" -DPACKAGE_TARNAME=\"mesa\" -DPACKAGE_VERSION=\"7.3.0\" -DPACKAGE_STRING=\"Mesa\ 7.3.0\" -DPACKAGE_BUGREPORT=\"https://bugs.freedesktop.org/enter_bug.cgi\?product=Mesa\" -DX_DISPLAY_MISSING=1'
DRI2PROTO_CFLAGS=''
DRI2PROTO_LIBS=''
DRIGL_CFLAGS=''
DRIGL_LIBS=''
DRIVER_DIRS='osmesa'
DRI_DIRS='yes'
DRI_DRIVER_INSTALL_DIR='${libdir}/dri'
DRI_LIB_DEPS=''
DRI_PC_REQ_PRIV=''
ECHO_C=''
ECHO_N='-n'
ECHO_T=''
EGREP=''
EXEEXT='.exe'
EXPAT_INCLUDES=''
EXTRA_LIB_PATH=''
GLUT_CFLAGS=''
GLUT_LIBS=''
GLUT_LIB_DEPS=''
GLUT_LIB_NAME='lib$(GLUT_LIB).a'
GLUT_MESA_DEPS=''
GLUT_PC_CFLAGS=''
GLUT_PC_LIB_PRIV=''
GLUT_PC_REQ_PRIV=''
GLU_DIRS='sgi'
GLU_LIB_DEPS=''
GLU_LIB_NAME='lib$(GLU_LIB).a'
GLU_MESA_DEPS=''
GLU_PC_CFLAGS=''
GLU_PC_LIB_PRIV=' '
GLU_PC_REQ='osmesa'
GLU_PC_REQ_PRIV=''
GLW_CFLAGS=''
GLW_LIBS=''
GLW_LIB_DEPS=''
GLW_LIB_NAME='lib$(GLW_LIB).a'
GLW_MESA_DEPS=''
GLW_PC_CFLAGS=''
GLW_PC_LIB_PRIV=''
GLW_PC_REQ_PRIV=''
GLW_SOURCES=''
GL_LIB_DEPS=''
GL_LIB_NAME='lib$(GL_LIB).a'
GL_PC_CFLAGS=''
GL_PC_LIB_PRIV=''
GL_PC_REQ_PRIV=''
GREP=''
LDFLAGS=''
LIBDRM_CFLAGS=''
LIBDRM_LIBS=''
LIBOBJS=''
LIBS=''
LIB_DIR='lib'
LTLIBOBJS=''
MAKE='make'
MKDEP=''
MKDEP_OPTIONS='-fdepend'
MKLIB_OPTIONS=' -static'
MOTIF_CFLAGS=''
MOTIF_CONFIG=''
OBJEXT='o'
OPT_FLAGS=''
OSMESA_LIB='OSMesa'
OSMESA_LIB_DEPS=''
OSMESA_LIB_NAME='lib$(OSMESA_LIB).a'
OSMESA_MESA_DEPS=''
OSMESA_PC_LIB_PRIV='-lm -lpthread '
OSMESA_PC_REQ=''
PACKAGE_BUGREPORT='https://bugs.freedesktop.org/enter_bug.cgi?product=Mesa'
PACKAGE_NAME='Mesa'
PACKAGE_STRING='Mesa 7.3.0'
PACKAGE_TARNAME='mesa'
PACKAGE_VERSION='7.3.0'
PATH_SEPARATOR=':'
PIC_FLAGS=''
PKG_CONFIG=''
POSIX_SHELL=''
PROGRAM_DIRS=''
SED='/usr/bin/sed'
SHELL='/bin/sh'
SRC_DIRS='mesa glu'
USING_EGL='0'
WINDOW_SYSTEM=''
X11_INCLUDES=''
XCB_CFLAGS=''
XCB_LIBS=''
XLIBGL_CFLAGS=''
XLIBGL_LIBS=''
XMKMF=''
X_CFLAGS=''
X_EXTRA_LIBS=''
X_LIBS=''
X_PRE_LIBS=''
ac_ct_CC='gcc'
ac_ct_CXX='g++'
bindir='${exec_prefix}/bin'
build='i386-unknown-freebsd6.2'
build_alias=''
build_cpu='i386'
build_os='freebsd6.2'
build_vendor='unknown'
datadir='${datarootdir}'
datarootdir='${prefix}/share'
docdir='${datarootdir}/doc/${PACKAGE_TARNAME}'
dvidir='${docdir}'
exec_prefix='${prefix}'
host='i386-unknown-freebsd6.2'
host_alias=''
host_cpu='i386'
host_os='freebsd6.2'
host_vendor='unknown'
htmldir='${docdir}'
includedir='${prefix}/include'
infodir='${datarootdir}/info'
libdir='${exec_prefix}/lib'
libexecdir='${exec_prefix}/libexec'
localedir='${datarootdir}/locale'
localstatedir='${prefix}/var'
mandir='${datarootdir}/man'
oldincludedir='/usr/include'
pdfdir='${docdir}'
prefix='/usr/local'
program_transform_name='s,x,x,'
psdir='${docdir}'
sbindir='${exec_prefix}/sbin'
sharedstatedir='${prefix}/com'
sysconfdir='${prefix}/etc'
target_alias=''

## ----------- ##
## confdefs.h. ##
## ----------- ##

#define PACKAGE_NAME "Mesa"
#define PACKAGE_TARNAME "mesa"
#define PACKAGE_VERSION "7.3.0"
#define PACKAGE_STRING "Mesa 7.3.0"
#define PACKAGE_BUGREPORT "https://bugs.freedesktop.org/enter_bug.cgi?product=Mesa"
#define X_DISPLAY_MISSING 1

configure: exit 0
